<?xml version="1.0" encoding="UTF-8"?>
<!-- Generated by org.testng.reporters.JUnitReportReporter -->
<testsuite skipped="0" hostname="DESKTOP-FTEE5V5" name="qa.zoopla.testrunner.TestRunner_zoopla" tests="1" failures="0" timestamp="24 Apr 2019 11:11:00 GMT" time="31.007" errors="0">
  <testcase name="feature" time="31.007" classname="qa.zoopla.testrunner.TestRunner_zoopla"/>
</testsuite> <!-- qa.zoopla.testrunner.TestRunner_zoopla -->
