<?xml version="1.0" encoding="UTF-8"?>
<!-- Generated by org.testng.reporters.JUnitReportReporter -->
<testsuite skipped="0" hostname="DESKTOP-FTEE5V5" name="qa.zoopla.testrunner.TestRunner_zoopla" tests="1" failures="0" timestamp="30 Apr 2019 05:35:33 GMT" time="48.505" errors="0">
  <testcase name="feature" time="48.505" classname="qa.zoopla.testrunner.TestRunner_zoopla"/>
</testsuite> <!-- qa.zoopla.testrunner.TestRunner_zoopla -->
